<?xml version="1.0" encoding="UTF-8"?>
<testsuite name="Acceso a la ficha de un Espacio Natural" tests="8" skipped="0" failures="0" errors="0" timestamp="2021-12-08T08:43:59" hostname="GLaDOS-VegaR5" time="65.547">
  <properties/>
  <testcase name="CAPF005 - Cargando el Navegador" classname="Acceso a la ficha de un Espacio Natural" time="0.494"/>
  <testcase name="CAPF005 - Se haya cargado la pagina" classname="Acceso a la ficha de un Espacio Natural" time="15.289"/>
  <testcase name="CAPF005 - Aceptar las cookies" classname="Acceso a la ficha de un Espacio Natural" time="0.762"/>
  <testcase name="CAPF005 - Ingresar el Nombre de Usuario &quot;cmaot_testing&quot;" classname="Acceso a la ficha de un Espacio Natural" time="0.999"/>
  <testcase name="CAPF005 - Ingresar la Clave de Usuario &quot;Liferay*21&quot;" classname="Acceso a la ficha de un Espacio Natural" time="0.901"/>
  <testcase name="CAPF005 - Acceder" classname="Acceso a la ficha de un Espacio Natural" time="1.071"/>
  <testcase name="CAPF005 - Cambiar a &quot;https://www.juntadeandalucia.es/medioambiente/portal/web/ventanadelvisitante/detalle-buscador-mapa/-/asset_publisher/Jlbxh2qB3NwR/content/do-c3-b1ana-18/255035&quot; Especifica" classname="Acceso a la ficha de un Espacio Natural" time="45.609"/>
  <testcase name="classMethod" classname="Acceso a la ficha de un Espacio Natural" time="66.759"/>
  <system-out><![CDATA[]]></system-out>
  <system-err><![CDATA[Starting ChromeDriver 96.0.4664.45 (76e4c1bb2ab4671b8beba3444e61c0f17584b2fc-refs/branch-heads/4664@{#947}) on port 17223
Only local connections are allowed.
Please see https://chromedriver.chromium.org/security-considerations for suggestions on keeping ChromeDriver safe.
ChromeDriver was started successfully.
Dec 08, 2021 3:44:02 AM org.openqa.selenium.remote.ProtocolHandshake createSession
INFO: Detected dialect: W3C
]]></system-err>
</testsuite>
