<?xml version="1.0" encoding="UTF-8"?>
<testsuite xmlns:xsi="http://www.w3.org/2001/XMLSchema-instance" xsi:noNamespaceSchemaLocation="https://maven.apache.org/surefire/maven-failsafe-plugin/xsd/failsafe-test-report-3.0.xsd" version="3.0" name="org.medioAmbiente.acceptancetests.AcceptanceTestSuite" time="140.108" tests="13" errors="0" skipped="0" failures="0">
  <properties>
    <property name="awt.toolkit" value="sun.awt.X11.XToolkit"/>
    <property name="java.specification.version" value="1.8"/>
    <property name="file.encoding.pkg" value="sun.io"/>
    <property name="webdriver.chrome.driver" value="/home/jahirmedinacs/workspace/Portales-PW-WEBVI/drivers/chromedriver"/>
    <property name="sun.cpu.isalist" value=""/>
    <property name="sun.jnu.encoding" value="UTF-8"/>
    <property name="java.class.path" value="/home/jahirmedinacs/workspace/Portales-PW-WEBVI/target/test-classes:/home/jahirmedinacs/workspace/Portales-PW-WEBVI/target/Portales-PW-LFDXP-2.0-SNAPSHOT.jar:/home/jahirmedinacs/.m2/repository/net/serenity-bdd/serenity-core/2.3.2/serenity-core-2.3.2.jar:/home/jahirmedinacs/.m2/repository/net/bytebuddy/byte-buddy/1.10.1/byte-buddy-1.10.1.jar:/home/jahirmedinacs/.m2/repository/net/bytebuddy/byte-buddy-agent/1.10.1/byte-buddy-agent-1.10.1.jar:/home/jahirmedinacs/.m2/repository/com/google/guava/guava/25.0-jre/guava-25.0-jre.jar:/home/jahirmedinacs/.m2/repository/com/google/code/findbugs/jsr305/1.3.9/jsr305-1.3.9.jar:/home/jahirmedinacs/.m2/repository/org/checkerframework/checker-compat-qual/2.0.0/checker-compat-qual-2.0.0.jar:/home/jahirmedinacs/.m2/repository/com/google/errorprone/error_prone_annotations/2.1.3/error_prone_annotations-2.1.3.jar:/home/jahirmedinacs/.m2/repository/com/google/j2objc/j2objc-annotations/1.1/j2objc-annotations-1.1.jar:/home/jahirmedinacs/.m2/repository/org/codehaus/mojo/animal-sniffer-annotations/1.14/animal-sniffer-annotations-1.14.jar:/home/jahirmedinacs/.m2/repository/com/google/inject/guice/4.2.2/guice-4.2.2.jar:/home/jahirmedinacs/.m2/repository/javax/inject/javax.inject/1/javax.inject-1.jar:/home/jahirmedinacs/.m2/repository/aopalliance/aopalliance/1.0/aopalliance-1.0.jar:/home/jahirmedinacs/.m2/repository/org/ow2/asm/asm/7.2/asm-7.2.jar:/home/jahirmedinacs/.m2/repository/commons-codec/commons-codec/1.10/commons-codec-1.10.jar:/home/jahirmedinacs/.m2/repository/org/objenesis/objenesis/3.0.1/objenesis-3.0.1.jar:/home/jahirmedinacs/.m2/repository/org/slf4j/slf4j-api/1.7.26/slf4j-api-1.7.26.jar:/home/jahirmedinacs/.m2/repository/xml-apis/xml-apis/1.4.01/xml-apis-1.4.01.jar:/home/jahirmedinacs/.m2/repository/io/cucumber/cucumber-core/6.6.0/cucumber-core-6.6.0.jar:/home/jahirmedinacs/.m2/repository/io/cucumber/cucumber-gherkin/6.6.0/cucumber-gherkin-6.6.0.jar:/home/jahirmedinacs/.m2/repository/io/cucumber/cucumber-gherkin-messages/6.6.0/cucumber-gherkin-messages-6.6.0.jar:/home/jahirmedinacs/.m2/repository/io/cucumber/messages/13.0.1/messages-13.0.1.jar:/home/jahirmedinacs/.m2/repository/io/cucumber/tag-expressions/3.0.0/tag-expressions-3.0.0.jar:/home/jahirmedinacs/.m2/repository/io/cucumber/cucumber-expressions/10.3.0/cucumber-expressions-10.3.0.jar:/home/jahirmedinacs/.m2/repository/io/cucumber/datatable/3.4.0/datatable-3.4.0.jar:/home/jahirmedinacs/.m2/repository/io/cucumber/cucumber-plugin/6.6.0/cucumber-plugin-6.6.0.jar:/home/jahirmedinacs/.m2/repository/io/cucumber/docstring/6.6.0/docstring-6.6.0.jar:/home/jahirmedinacs/.m2/repository/io/cucumber/html-formatter/9.0.0/html-formatter-9.0.0.jar:/home/jahirmedinacs/.m2/repository/io/cucumber/create-meta/2.0.1/create-meta-2.0.1.jar:/home/jahirmedinacs/.m2/repository/io/cucumber/cucumber-java/6.6.0/cucumber-java-6.6.0.jar:/home/jahirmedinacs/.m2/repository/commons-logging/commons-logging/1.2/commons-logging-1.2.jar:/home/jahirmedinacs/.m2/repository/io/vavr/vavr/0.9.0/vavr-0.9.0.jar:/home/jahirmedinacs/.m2/repository/io/vavr/vavr-match/0.9.0/vavr-match-0.9.0.jar:/home/jahirmedinacs/.m2/repository/javax/xml/bind/jaxb-api/2.2.12/jaxb-api-2.2.12.jar:/home/jahirmedinacs/.m2/repository/com/sun/xml/bind/jaxb-core/2.3.0.1/jaxb-core-2.3.0.1.jar:/home/jahirmedinacs/.m2/repository/com/sun/xml/bind/jaxb-impl/2.3.0.1/jaxb-impl-2.3.0.1.jar:/home/jahirmedinacs/.m2/repository/javax/activation/activation/1.1.1/activation-1.1.1.jar:/home/jahirmedinacs/.m2/repository/org/mockito/mockito-core/3.1.0/mockito-core-3.1.0.jar:/home/jahirmedinacs/.m2/repository/net/serenity-bdd/serenity-report-resources/2.3.2/serenity-report-resources-2.3.2.jar:/home/jahirmedinacs/.m2/repository/net/serenity-bdd/serenity-model/2.3.2/serenity-model-2.3.2.jar:/home/jahirmedinacs/.m2/repository/commons-net/commons-net/3.6/commons-net-3.6.jar:/home/jahirmedinacs/.m2/repository/org/apache/commons/commons-text/1.6/commons-text-1.6.jar:/home/jahirmedinacs/.m2/repository/org/reflections/reflections/0.9.11/reflections-0.9.11.jar:/home/jahirmedinacs/.m2/repository/org/javassist/javassist/3.21.0-GA/javassist-3.21.0-GA.jar:/home/jahirmedinacs/.m2/repository/es/nitaur/markdown/txtmark/0.16/txtmark-0.16.jar:/home/jahirmedinacs/.m2/repository/net/serenity-bdd/serenity-reports/2.3.2/serenity-reports-2.3.2.jar:/home/jahirmedinacs/.m2/repository/net/serenity-bdd/serenity-stats/2.3.2/serenity-stats-2.3.2.jar:/home/jahirmedinacs/.m2/repository/com/google/code/gson/gson/2.8.6/gson-2.8.6.jar:/home/jahirmedinacs/.m2/repository/commons-io/commons-io/2.6/commons-io-2.6.jar:/home/jahirmedinacs/.m2/repository/org/seleniumhq/selenium/selenium-server/3.141.59/selenium-server-3.141.59.jar:/home/jahirmedinacs/.m2/repository/org/seleniumhq/selenium/selenium-firefox-driver/3.141.59/selenium-firefox-driver-3.141.59.jar:/home/jahirmedinacs/.m2/repository/org/seleniumhq/selenium/selenium-ie-driver/3.141.59/selenium-ie-driver-3.141.59.jar:/home/jahirmedinacs/.m2/repository/com/beust/jcommander/1.72/jcommander-1.72.jar:/home/jahirmedinacs/.m2/repository/org/apache/commons/commons-exec/1.3/commons-exec-1.3.jar:/home/jahirmedinacs/.m2/repository/net/jcip/jcip-annotations/1.0/jcip-annotations-1.0.jar:/home/jahirmedinacs/.m2/repository/org/seleniumhq/selenium/jetty-repacked/9.4.12.v20180830/jetty-repacked-9.4.12.v20180830.jar:/home/jahirmedinacs/.m2/repository/com/squareup/okhttp3/okhttp/3.11.0/okhttp-3.11.0.jar:/home/jahirmedinacs/.m2/repository/com/squareup/okio/okio/1.14.0/okio-1.14.0.jar:/home/jahirmedinacs/.m2/repository/javax/servlet/javax.servlet-api/3.1.0/javax.servlet-api-3.1.0.jar:/home/jahirmedinacs/.m2/repository/org/yaml/snakeyaml/1.19/snakeyaml-1.19.jar:/home/jahirmedinacs/.m2/repository/org/seleniumhq/selenium/selenium-java/3.141.59/selenium-java-3.141.59.jar:/home/jahirmedinacs/.m2/repository/org/seleniumhq/selenium/selenium-api/3.141.59/selenium-api-3.141.59.jar:/home/jahirmedinacs/.m2/repository/org/seleniumhq/selenium/selenium-chrome-driver/3.141.59/selenium-chrome-driver-3.141.59.jar:/home/jahirmedinacs/.m2/repository/org/seleniumhq/selenium/selenium-edge-driver/3.141.59/selenium-edge-driver-3.141.59.jar:/home/jahirmedinacs/.m2/repository/org/seleniumhq/selenium/selenium-remote-driver/3.141.59/selenium-remote-driver-3.141.59.jar:/home/jahirmedinacs/.m2/repository/org/seleniumhq/selenium/selenium-safari-driver/3.141.59/selenium-safari-driver-3.141.59.jar:/home/jahirmedinacs/.m2/repository/org/seleniumhq/selenium/selenium-opera-driver/3.141.59/selenium-opera-driver-3.141.59.jar:/home/jahirmedinacs/.m2/repository/org/seleniumhq/selenium/selenium-support/3.141.59/selenium-support-3.141.59.jar:/home/jahirmedinacs/.m2/repository/com/paulhammant/ngwebdriver/1.1.5/ngwebdriver-1.1.5.jar:/home/jahirmedinacs/.m2/repository/com/assertthat/selenium-shutterbug/0.9.3/selenium-shutterbug-0.9.3.jar:/home/jahirmedinacs/.m2/repository/org/projectlombok/lombok/1.18.8/lombok-1.18.8.jar:/home/jahirmedinacs/.m2/repository/com/github/zafarkhaja/java-semver/0.9.0/java-semver-0.9.0.jar:/home/jahirmedinacs/.m2/repository/com/codeborne/phantomjsdriver/1.4.4/phantomjsdriver-1.4.4.jar:/home/jahirmedinacs/.m2/repository/org/seleniumhq/selenium/htmlunit-driver/2.37.0/htmlunit-driver-2.37.0.jar:/home/jahirmedinacs/.m2/repository/io/appium/java-client/7.3.0/java-client-7.3.0.jar:/home/jahirmedinacs/.m2/repository/commons-validator/commons-validator/1.6/commons-validator-1.6.jar:/home/jahirmedinacs/.m2/repository/commons-beanutils/commons-beanutils/1.9.2/commons-beanutils-1.9.2.jar:/home/jahirmedinacs/.m2/repository/commons-digester/commons-digester/1.8.1/commons-digester-1.8.1.jar:/home/jahirmedinacs/.m2/repository/org/aspectj/aspectjweaver/1.9.4/aspectjweaver-1.9.4.jar:/home/jahirmedinacs/.m2/repository/org/springframework/spring-context-support/5.1.2.RELEASE/spring-context-support-5.1.2.RELEASE.jar:/home/jahirmedinacs/.m2/repository/org/springframework/spring-beans/5.1.2.RELEASE/spring-beans-5.1.2.RELEASE.jar:/home/jahirmedinacs/.m2/repository/org/springframework/spring-context/5.1.2.RELEASE/spring-context-5.1.2.RELEASE.jar:/home/jahirmedinacs/.m2/repository/org/springframework/spring-aop/5.1.2.RELEASE/spring-aop-5.1.2.RELEASE.jar:/home/jahirmedinacs/.m2/repository/org/springframework/spring-expression/5.1.2.RELEASE/spring-expression-5.1.2.RELEASE.jar:/home/jahirmedinacs/.m2/repository/org/springframework/spring-core/5.1.2.RELEASE/spring-core-5.1.2.RELEASE.jar:/home/jahirmedinacs/.m2/repository/org/springframework/spring-jcl/5.1.2.RELEASE/spring-jcl-5.1.2.RELEASE.jar:/home/jahirmedinacs/.m2/repository/org/codehaus/groovy/groovy/2.5.5/groovy-2.5.5.jar:/home/jahirmedinacs/.m2/repository/net/sf/opencsv/opencsv/2.0/opencsv-2.0.jar:/home/jahirmedinacs/.m2/repository/commons-beanutils/commons-beanutils-core/1.8.3/commons-beanutils-core-1.8.3.jar:/home/jahirmedinacs/.m2/repository/joda-time/joda-time/2.7/joda-time-2.7.jar:/home/jahirmedinacs/.m2/repository/com/thoughtworks/xstream/xstream/1.4.9/xstream-1.4.9.jar:/home/jahirmedinacs/.m2/repository/xmlpull/xmlpull/1.1.3.1/xmlpull-1.1.3.1.jar:/home/jahirmedinacs/.m2/repository/xpp3/xpp3_min/1.1.4c/xpp3_min-1.1.4c.jar:/home/jahirmedinacs/.m2/repository/org/apache/commons/commons-lang3/3.8.1/commons-lang3-3.8.1.jar:/home/jahirmedinacs/.m2/repository/commons-collections/commons-collections/3.2.2/commons-collections-3.2.2.jar:/home/jahirmedinacs/.m2/repository/org/freemarker/freemarker/2.3.29/freemarker-2.3.29.jar:/home/jahirmedinacs/.m2/repository/net/sourceforge/jexcelapi/jxl/2.6.12/jxl-2.6.12.jar:/home/jahirmedinacs/.m2/repository/org/hamcrest/hamcrest-core/1.3/hamcrest-core-1.3.jar:/home/jahirmedinacs/.m2/repository/org/hamcrest/hamcrest-library/1.3/hamcrest-library-1.3.jar:/home/jahirmedinacs/.m2/repository/net/sourceforge/htmlunit/htmlunit/2.37.0/htmlunit-2.37.0.jar:/home/jahirmedinacs/.m2/repository/net/sourceforge/htmlunit/htmlunit-core-js/2.37.0/htmlunit-core-js-2.37.0.jar:/home/jahirmedinacs/.m2/repository/net/sourceforge/htmlunit/neko-htmlunit/2.37.0/neko-htmlunit-2.37.0.jar:/home/jahirmedinacs/.m2/repository/xerces/xercesImpl/2.12.0/xercesImpl-2.12.0.jar:/home/jahirmedinacs/.m2/repository/net/sourceforge/htmlunit/htmlunit-cssparser/1.5.0/htmlunit-cssparser-1.5.0.jar:/home/jahirmedinacs/.m2/repository/org/brotli/dec/0.1.2/dec-0.1.2.jar:/home/jahirmedinacs/.m2/repository/org/eclipse/jetty/websocket/websocket-client/9.4.26.v20200117/websocket-client-9.4.26.v20200117.jar:/home/jahirmedinacs/.m2/repository/org/eclipse/jetty/jetty-client/9.4.26.v20200117/jetty-client-9.4.26.v20200117.jar:/home/jahirmedinacs/.m2/repository/org/eclipse/jetty/jetty-http/9.4.26.v20200117/jetty-http-9.4.26.v20200117.jar:/home/jahirmedinacs/.m2/repository/org/eclipse/jetty/jetty-xml/9.4.26.v20200117/jetty-xml-9.4.26.v20200117.jar:/home/jahirmedinacs/.m2/repository/org/eclipse/jetty/jetty-util/9.4.26.v20200117/jetty-util-9.4.26.v20200117.jar:/home/jahirmedinacs/.m2/repository/org/eclipse/jetty/jetty-io/9.4.26.v20200117/jetty-io-9.4.26.v20200117.jar:/home/jahirmedinacs/.m2/repository/org/eclipse/jetty/websocket/websocket-common/9.4.26.v20200117/websocket-common-9.4.26.v20200117.jar:/home/jahirmedinacs/.m2/repository/org/eclipse/jetty/websocket/websocket-api/9.4.26.v20200117/websocket-api-9.4.26.v20200117.jar:/home/jahirmedinacs/.m2/repository/org/apache/httpcomponents/httpclient/4.5.5/httpclient-4.5.5.jar:/home/jahirmedinacs/.m2/repository/org/apache/httpcomponents/httpcore/4.4.9/httpcore-4.4.9.jar:/home/jahirmedinacs/.m2/repository/org/apache/httpcomponents/httpmime/4.5.5/httpmime-4.5.5.jar:/home/jahirmedinacs/.m2/repository/org/fluentlenium/fluentlenium-core/0.10.2/fluentlenium-core-0.10.2.jar:/home/jahirmedinacs/.m2/repository/com/jhlabs/filters/2.0.235/filters-2.0.235.jar:/home/jahirmedinacs/.m2/repository/org/asciidoctor/asciidoctorj/1.5.6/asciidoctorj-1.5.6.jar:/home/jahirmedinacs/.m2/repository/org/jruby/jruby-complete/1.7.26/jruby-complete-1.7.26.jar:/home/jahirmedinacs/.m2/repository/org/imgscalr/imgscalr-lib/4.2/imgscalr-lib-4.2.jar:/home/jahirmedinacs/.m2/repository/javax/el/javax.el-api/2.2.4/javax.el-api-2.2.4.jar:/home/jahirmedinacs/.m2/repository/org/glassfish/web/javax.el/2.2.4/javax.el-2.2.4.jar:/home/jahirmedinacs/.m2/repository/xalan/xalan/2.7.2/xalan-2.7.2.jar:/home/jahirmedinacs/.m2/repository/xalan/serializer/2.7.2/serializer-2.7.2.jar:/home/jahirmedinacs/.m2/repository/org/awaitility/awaitility/4.0.1/awaitility-4.0.1.jar:/home/jahirmedinacs/.m2/repository/org/hamcrest/hamcrest/2.1/hamcrest-2.1.jar:/home/jahirmedinacs/.m2/repository/com/typesafe/config/1.3.1/config-1.3.1.jar:/home/jahirmedinacs/.m2/repository/org/jsoup/jsoup/1.10.3/jsoup-1.10.3.jar:/home/jahirmedinacs/.m2/repository/com/google/jimfs/jimfs/1.1/jimfs-1.1.jar:/home/jahirmedinacs/.m2/repository/com/vladsch/flexmark/flexmark-all/0.34.30/flexmark-all-0.34.30.jar:/home/jahirmedinacs/.m2/repository/com/vladsch/flexmark/flexmark/0.34.30/flexmark-0.34.30.jar:/home/jahirmedinacs/.m2/repository/com/vladsch/flexmark/flexmark-ext-abbreviation/0.34.30/flexmark-ext-abbreviation-0.34.30.jar:/home/jahirmedinacs/.m2/repository/com/vladsch/flexmark/flexmark-ext-admonition/0.34.30/flexmark-ext-admonition-0.34.30.jar:/home/jahirmedinacs/.m2/repository/com/vladsch/flexmark/flexmark-ext-anchorlink/0.34.30/flexmark-ext-anchorlink-0.34.30.jar:/home/jahirmedinacs/.m2/repository/com/vladsch/flexmark/flexmark-ext-aside/0.34.30/flexmark-ext-aside-0.34.30.jar:/home/jahirmedinacs/.m2/repository/com/vladsch/flexmark/flexmark-ext-attributes/0.34.30/flexmark-ext-attributes-0.34.30.jar:/home/jahirmedinacs/.m2/repository/com/vladsch/flexmark/flexmark-ext-autolink/0.34.30/flexmark-ext-autolink-0.34.30.jar:/home/jahirmedinacs/.m2/repository/org/nibor/autolink/autolink/0.6.0/autolink-0.6.0.jar:/home/jahirmedinacs/.m2/repository/com/vladsch/flexmark/flexmark-ext-definition/0.34.30/flexmark-ext-definition-0.34.30.jar:/home/jahirmedinacs/.m2/repository/com/vladsch/flexmark/flexmark-ext-emoji/0.34.30/flexmark-ext-emoji-0.34.30.jar:/home/jahirmedinacs/.m2/repository/com/vladsch/flexmark/flexmark-ext-enumerated-reference/0.34.30/flexmark-ext-enumerated-reference-0.34.30.jar:/home/jahirmedinacs/.m2/repository/com/vladsch/flexmark/flexmark-ext-escaped-character/0.34.30/flexmark-ext-escaped-character-0.34.30.jar:/home/jahirmedinacs/.m2/repository/com/vladsch/flexmark/flexmark-ext-footnotes/0.34.30/flexmark-ext-footnotes-0.34.30.jar:/home/jahirmedinacs/.m2/repository/com/vladsch/flexmark/flexmark-ext-gfm-issues/0.34.30/flexmark-ext-gfm-issues-0.34.30.jar:/home/jahirmedinacs/.m2/repository/com/vladsch/flexmark/flexmark-ext-gfm-strikethrough/0.34.30/flexmark-ext-gfm-strikethrough-0.34.30.jar:/home/jahirmedinacs/.m2/repository/com/vladsch/flexmark/flexmark-ext-gfm-tables/0.34.30/flexmark-ext-gfm-tables-0.34.30.jar:/home/jahirmedinacs/.m2/repository/com/vladsch/flexmark/flexmark-ext-gfm-tasklist/0.34.30/flexmark-ext-gfm-tasklist-0.34.30.jar:/home/jahirmedinacs/.m2/repository/com/vladsch/flexmark/flexmark-ext-gfm-users/0.34.30/flexmark-ext-gfm-users-0.34.30.jar:/home/jahirmedinacs/.m2/repository/com/vladsch/flexmark/flexmark-ext-gitlab/0.34.30/flexmark-ext-gitlab-0.34.30.jar:/home/jahirmedinacs/.m2/repository/com/vladsch/flexmark/flexmark-ext-jekyll-front-matter/0.34.30/flexmark-ext-jekyll-front-matter-0.34.30.jar:/home/jahirmedinacs/.m2/repository/com/vladsch/flexmark/flexmark-ext-jekyll-tag/0.34.30/flexmark-ext-jekyll-tag-0.34.30.jar:/home/jahirmedinacs/.m2/repository/com/vladsch/flexmark/flexmark-ext-media-tags/0.34.30/flexmark-ext-media-tags-0.34.30.jar:/home/jahirmedinacs/.m2/repository/com/vladsch/flexmark/flexmark-test-util/0.34.30/flexmark-test-util-0.34.30.jar:/home/jahirmedinacs/.m2/repository/com/vladsch/flexmark/flexmark-ext-ins/0.34.30/flexmark-ext-ins-0.34.30.jar:/home/jahirmedinacs/.m2/repository/com/vladsch/flexmark/flexmark-ext-xwiki-macros/0.34.30/flexmark-ext-xwiki-macros-0.34.30.jar:/home/jahirmedinacs/.m2/repository/com/vladsch/flexmark/flexmark-ext-superscript/0.34.30/flexmark-ext-superscript-0.34.30.jar:/home/jahirmedinacs/.m2/repository/com/vladsch/flexmark/flexmark-ext-tables/0.34.30/flexmark-ext-tables-0.34.30.jar:/home/jahirmedinacs/.m2/repository/com/vladsch/flexmark/flexmark-ext-toc/0.34.30/flexmark-ext-toc-0.34.30.jar:/home/jahirmedinacs/.m2/repository/com/vladsch/flexmark/flexmark-ext-typographic/0.34.30/flexmark-ext-typographic-0.34.30.jar:/home/jahirmedinacs/.m2/repository/com/vladsch/flexmark/flexmark-ext-wikilink/0.34.30/flexmark-ext-wikilink-0.34.30.jar:/home/jahirmedinacs/.m2/repository/com/vladsch/flexmark/flexmark-ext-yaml-front-matter/0.34.30/flexmark-ext-yaml-front-matter-0.34.30.jar:/home/jahirmedinacs/.m2/repository/com/vladsch/flexmark/flexmark-ext-youtube-embedded/0.34.30/flexmark-ext-youtube-embedded-0.34.30.jar:/home/jahirmedinacs/.m2/repository/com/vladsch/flexmark/flexmark-formatter/0.34.30/flexmark-formatter-0.34.30.jar:/home/jahirmedinacs/.m2/repository/com/vladsch/flexmark/flexmark-html-parser/0.34.30/flexmark-html-parser-0.34.30.jar:/home/jahirmedinacs/.m2/repository/com/vladsch/flexmark/flexmark-jira-converter/0.34.30/flexmark-jira-converter-0.34.30.jar:/home/jahirmedinacs/.m2/repository/com/vladsch/flexmark/flexmark-pdf-converter/0.34.30/flexmark-pdf-converter-0.34.30.jar:/home/jahirmedinacs/.m2/repository/com/openhtmltopdf/openhtmltopdf-core/0.0.1-RC13/openhtmltopdf-core-0.0.1-RC13.jar:/home/jahirmedinacs/.m2/repository/com/openhtmltopdf/openhtmltopdf-pdfbox/0.0.1-RC13/openhtmltopdf-pdfbox-0.0.1-RC13.jar:/home/jahirmedinacs/.m2/repository/org/apache/pdfbox/pdfbox/2.0.8/pdfbox-2.0.8.jar:/home/jahirmedinacs/.m2/repository/org/apache/pdfbox/fontbox/2.0.8/fontbox-2.0.8.jar:/home/jahirmedinacs/.m2/repository/org/apache/pdfbox/xmpbox/2.0.8/xmpbox-2.0.8.jar:/home/jahirmedinacs/.m2/repository/de/rototor/pdfbox/graphics2d/0.12/graphics2d-0.12.jar:/home/jahirmedinacs/.m2/repository/com/openhtmltopdf/openhtmltopdf-rtl-support/0.0.1-RC13/openhtmltopdf-rtl-support-0.0.1-RC13.jar:/home/jahirmedinacs/.m2/repository/com/ibm/icu/icu4j/59.1/icu4j-59.1.jar:/home/jahirmedinacs/.m2/repository/com/openhtmltopdf/openhtmltopdf-jsoup-dom-converter/0.0.1-RC13/openhtmltopdf-jsoup-dom-converter-0.0.1-RC13.jar:/home/jahirmedinacs/.m2/repository/com/vladsch/flexmark/flexmark-profile-pegdown/0.34.30/flexmark-profile-pegdown-0.34.30.jar:/home/jahirmedinacs/.m2/repository/com/vladsch/flexmark/flexmark-util/0.34.30/flexmark-util-0.34.30.jar:/home/jahirmedinacs/.m2/repository/com/vladsch/flexmark/flexmark-youtrack-converter/0.34.30/flexmark-youtrack-converter-0.34.30.jar:/home/jahirmedinacs/.m2/repository/io/github/bonigarcia/webdrivermanager/4.1.0/webdrivermanager-4.1.0.jar:/home/jahirmedinacs/.m2/repository/org/apache/httpcomponents/client5/httpclient5/5.0.1/httpclient5-5.0.1.jar:/home/jahirmedinacs/.m2/repository/org/apache/httpcomponents/core5/httpcore5/5.0.1/httpcore5-5.0.1.jar:/home/jahirmedinacs/.m2/repository/org/apache/httpcomponents/core5/httpcore5-h2/5.0.1/httpcore5-h2-5.0.1.jar:/home/jahirmedinacs/.m2/repository/org/rauschig/jarchivelib/1.0.0/jarchivelib-1.0.0.jar:/home/jahirmedinacs/.m2/repository/org/apache/commons/commons-compress/1.18/commons-compress-1.18.jar:/home/jahirmedinacs/.m2/repository/net/serenity-bdd/serenity-screenplay/2.3.2/serenity-screenplay-2.3.2.jar:/home/jahirmedinacs/.m2/repository/net/serenity-bdd/serenity-screenplay-webdriver/2.3.2/serenity-screenplay-webdriver-2.3.2.jar:/home/jahirmedinacs/.m2/repository/net/serenity-bdd/serenity-ensure/2.3.2/serenity-ensure-2.3.2.jar:/home/jahirmedinacs/.m2/repository/net/serenity-bdd/serenity-junit/2.3.2/serenity-junit-2.3.2.jar:/home/jahirmedinacs/.m2/repository/org/jetbrains/kotlin/kotlin-stdlib/1.3.31/kotlin-stdlib-1.3.31.jar:/home/jahirmedinacs/.m2/repository/org/jetbrains/kotlin/kotlin-stdlib-common/1.3.31/kotlin-stdlib-common-1.3.31.jar:/home/jahirmedinacs/.m2/repository/org/jetbrains/annotations/13.0/annotations-13.0.jar:/home/jahirmedinacs/.m2/repository/net/serenity-bdd/serenity-assertions/2.3.2/serenity-assertions-2.3.2.jar:/home/jahirmedinacs/.m2/repository/net/serenity-bdd/serenity-screenplay-rest/2.3.2/serenity-screenplay-rest-2.3.2.jar:/home/jahirmedinacs/.m2/repository/net/serenity-bdd/serenity-rest-assured/2.3.2/serenity-rest-assured-2.3.2.jar:/home/jahirmedinacs/.m2/repository/io/rest-assured/rest-assured/3.3.0/rest-assured-3.3.0.jar:/home/jahirmedinacs/.m2/repository/org/ccil/cowan/tagsoup/tagsoup/1.2.1/tagsoup-1.2.1.jar:/home/jahirmedinacs/.m2/repository/io/rest-assured/json-path/3.3.0/json-path-3.3.0.jar:/home/jahirmedinacs/.m2/repository/io/rest-assured/rest-assured-common/3.3.0/rest-assured-common-3.3.0.jar:/home/jahirmedinacs/.m2/repository/io/rest-assured/xml-path/3.3.0/xml-path-3.3.0.jar:/home/jahirmedinacs/.m2/repository/com/sun/xml/bind/jaxb-osgi/2.2.10/jaxb-osgi-2.2.10.jar:/home/jahirmedinacs/.m2/repository/org/apache/sling/org.apache.sling.javax.activation/0.1.0/org.apache.sling.javax.activation-0.1.0.jar:/home/jahirmedinacs/.m2/repository/org/codehaus/groovy/groovy-xml/2.5.5/groovy-xml-2.5.5.jar:/home/jahirmedinacs/.m2/repository/org/codehaus/groovy/groovy-json/2.5.5/groovy-json-2.5.5.jar:/home/jahirmedinacs/.m2/repository/net/serenity-bdd/serenity-cucumber6/2.3.2/serenity-cucumber6-2.3.2.jar:/home/jahirmedinacs/.m2/repository/io/cucumber/cucumber-junit/6.6.0/cucumber-junit-6.6.0.jar:/home/jahirmedinacs/.m2/repository/io/cucumber/datatable-matchers/3.4.0/datatable-matchers-3.4.0.jar:/home/jahirmedinacs/.m2/repository/org/apache/commons/commons-csv/1.5/commons-csv-1.5.jar:/home/jahirmedinacs/.m2/repository/junit/junit/4.12/junit-4.12.jar:/home/jahirmedinacs/.m2/repository/org/slf4j/slf4j-simple/1.7.7/slf4j-simple-1.7.7.jar:/home/jahirmedinacs/.m2/repository/org/junit/platform/junit-platform-launcher/1.5.2/junit-platform-launcher-1.5.2.jar:/home/jahirmedinacs/.m2/repository/org/apiguardian/apiguardian-api/1.1.0/apiguardian-api-1.1.0.jar:/home/jahirmedinacs/.m2/repository/org/junit/platform/junit-platform-engine/1.5.2/junit-platform-engine-1.5.2.jar:/home/jahirmedinacs/.m2/repository/org/opentest4j/opentest4j/1.2.0/opentest4j-1.2.0.jar:/home/jahirmedinacs/.m2/repository/org/junit/platform/junit-platform-commons/1.5.2/junit-platform-commons-1.5.2.jar:/home/jahirmedinacs/.m2/repository/org/junit/jupiter/junit-jupiter-engine/5.5.2/junit-jupiter-engine-5.5.2.jar:/home/jahirmedinacs/.m2/repository/org/junit/jupiter/junit-jupiter-api/5.5.2/junit-jupiter-api-5.5.2.jar:/home/jahirmedinacs/.m2/repository/org/junit/vintage/junit-vintage-engine/5.5.2/junit-vintage-engine-5.5.2.jar:/home/jahirmedinacs/.m2/repository/org/assertj/assertj-core/3.13.2/assertj-core-3.13.2.jar:"/>
    <property name="java.vm.vendor" value="Oracle Corporation"/>
    <property name="sun.arch.data.model" value="64"/>
    <property name="sun.font.fontmanager" value="sun.awt.X11FontManager"/>
    <property name="java.vendor.url" value="http://java.oracle.com/"/>
    <property name="user.timezone" value="America/Lima"/>
    <property name="java.vm.specification.version" value="1.8"/>
    <property name="os.name" value="Linux"/>
    <property name="user.country" value="US"/>
    <property name="sun.java.launcher" value="SUN_STANDARD"/>
    <property name="sun.boot.library.path" value="/usr/lib/jvm/java-8-openjdk/jre/lib/amd64"/>
    <property name="sun.java.command" value="/home/jahirmedinacs/workspace/Portales-PW-WEBVI/target/surefire/surefirebooter1033924686586055315.jar /home/jahirmedinacs/workspace/Portales-PW-WEBVI/target/surefire 2021-12-19T22-52-17_681-jvmRun1 surefire5080201810034542333tmp surefire_09160917651287768271tmp"/>
    <property name="surefire.test.class.path" value="/home/jahirmedinacs/workspace/Portales-PW-WEBVI/target/test-classes:/home/jahirmedinacs/workspace/Portales-PW-WEBVI/target/Portales-PW-LFDXP-2.0-SNAPSHOT.jar:/home/jahirmedinacs/.m2/repository/net/serenity-bdd/serenity-core/2.3.2/serenity-core-2.3.2.jar:/home/jahirmedinacs/.m2/repository/net/bytebuddy/byte-buddy/1.10.1/byte-buddy-1.10.1.jar:/home/jahirmedinacs/.m2/repository/net/bytebuddy/byte-buddy-agent/1.10.1/byte-buddy-agent-1.10.1.jar:/home/jahirmedinacs/.m2/repository/com/google/guava/guava/25.0-jre/guava-25.0-jre.jar:/home/jahirmedinacs/.m2/repository/com/google/code/findbugs/jsr305/1.3.9/jsr305-1.3.9.jar:/home/jahirmedinacs/.m2/repository/org/checkerframework/checker-compat-qual/2.0.0/checker-compat-qual-2.0.0.jar:/home/jahirmedinacs/.m2/repository/com/google/errorprone/error_prone_annotations/2.1.3/error_prone_annotations-2.1.3.jar:/home/jahirmedinacs/.m2/repository/com/google/j2objc/j2objc-annotations/1.1/j2objc-annotations-1.1.jar:/home/jahirmedinacs/.m2/repository/org/codehaus/mojo/animal-sniffer-annotations/1.14/animal-sniffer-annotations-1.14.jar:/home/jahirmedinacs/.m2/repository/com/google/inject/guice/4.2.2/guice-4.2.2.jar:/home/jahirmedinacs/.m2/repository/javax/inject/javax.inject/1/javax.inject-1.jar:/home/jahirmedinacs/.m2/repository/aopalliance/aopalliance/1.0/aopalliance-1.0.jar:/home/jahirmedinacs/.m2/repository/org/ow2/asm/asm/7.2/asm-7.2.jar:/home/jahirmedinacs/.m2/repository/commons-codec/commons-codec/1.10/commons-codec-1.10.jar:/home/jahirmedinacs/.m2/repository/org/objenesis/objenesis/3.0.1/objenesis-3.0.1.jar:/home/jahirmedinacs/.m2/repository/org/slf4j/slf4j-api/1.7.26/slf4j-api-1.7.26.jar:/home/jahirmedinacs/.m2/repository/xml-apis/xml-apis/1.4.01/xml-apis-1.4.01.jar:/home/jahirmedinacs/.m2/repository/io/cucumber/cucumber-core/6.6.0/cucumber-core-6.6.0.jar:/home/jahirmedinacs/.m2/repository/io/cucumber/cucumber-gherkin/6.6.0/cucumber-gherkin-6.6.0.jar:/home/jahirmedinacs/.m2/repository/io/cucumber/cucumber-gherkin-messages/6.6.0/cucumber-gherkin-messages-6.6.0.jar:/home/jahirmedinacs/.m2/repository/io/cucumber/messages/13.0.1/messages-13.0.1.jar:/home/jahirmedinacs/.m2/repository/io/cucumber/tag-expressions/3.0.0/tag-expressions-3.0.0.jar:/home/jahirmedinacs/.m2/repository/io/cucumber/cucumber-expressions/10.3.0/cucumber-expressions-10.3.0.jar:/home/jahirmedinacs/.m2/repository/io/cucumber/datatable/3.4.0/datatable-3.4.0.jar:/home/jahirmedinacs/.m2/repository/io/cucumber/cucumber-plugin/6.6.0/cucumber-plugin-6.6.0.jar:/home/jahirmedinacs/.m2/repository/io/cucumber/docstring/6.6.0/docstring-6.6.0.jar:/home/jahirmedinacs/.m2/repository/io/cucumber/html-formatter/9.0.0/html-formatter-9.0.0.jar:/home/jahirmedinacs/.m2/repository/io/cucumber/create-meta/2.0.1/create-meta-2.0.1.jar:/home/jahirmedinacs/.m2/repository/io/cucumber/cucumber-java/6.6.0/cucumber-java-6.6.0.jar:/home/jahirmedinacs/.m2/repository/commons-logging/commons-logging/1.2/commons-logging-1.2.jar:/home/jahirmedinacs/.m2/repository/io/vavr/vavr/0.9.0/vavr-0.9.0.jar:/home/jahirmedinacs/.m2/repository/io/vavr/vavr-match/0.9.0/vavr-match-0.9.0.jar:/home/jahirmedinacs/.m2/repository/javax/xml/bind/jaxb-api/2.2.12/jaxb-api-2.2.12.jar:/home/jahirmedinacs/.m2/repository/com/sun/xml/bind/jaxb-core/2.3.0.1/jaxb-core-2.3.0.1.jar:/home/jahirmedinacs/.m2/repository/com/sun/xml/bind/jaxb-impl/2.3.0.1/jaxb-impl-2.3.0.1.jar:/home/jahirmedinacs/.m2/repository/javax/activation/activation/1.1.1/activation-1.1.1.jar:/home/jahirmedinacs/.m2/repository/org/mockito/mockito-core/3.1.0/mockito-core-3.1.0.jar:/home/jahirmedinacs/.m2/repository/net/serenity-bdd/serenity-report-resources/2.3.2/serenity-report-resources-2.3.2.jar:/home/jahirmedinacs/.m2/repository/net/serenity-bdd/serenity-model/2.3.2/serenity-model-2.3.2.jar:/home/jahirmedinacs/.m2/repository/commons-net/commons-net/3.6/commons-net-3.6.jar:/home/jahirmedinacs/.m2/repository/org/apache/commons/commons-text/1.6/commons-text-1.6.jar:/home/jahirmedinacs/.m2/repository/org/reflections/reflections/0.9.11/reflections-0.9.11.jar:/home/jahirmedinacs/.m2/repository/org/javassist/javassist/3.21.0-GA/javassist-3.21.0-GA.jar:/home/jahirmedinacs/.m2/repository/es/nitaur/markdown/txtmark/0.16/txtmark-0.16.jar:/home/jahirmedinacs/.m2/repository/net/serenity-bdd/serenity-reports/2.3.2/serenity-reports-2.3.2.jar:/home/jahirmedinacs/.m2/repository/net/serenity-bdd/serenity-stats/2.3.2/serenity-stats-2.3.2.jar:/home/jahirmedinacs/.m2/repository/com/google/code/gson/gson/2.8.6/gson-2.8.6.jar:/home/jahirmedinacs/.m2/repository/commons-io/commons-io/2.6/commons-io-2.6.jar:/home/jahirmedinacs/.m2/repository/org/seleniumhq/selenium/selenium-server/3.141.59/selenium-server-3.141.59.jar:/home/jahirmedinacs/.m2/repository/org/seleniumhq/selenium/selenium-firefox-driver/3.141.59/selenium-firefox-driver-3.141.59.jar:/home/jahirmedinacs/.m2/repository/org/seleniumhq/selenium/selenium-ie-driver/3.141.59/selenium-ie-driver-3.141.59.jar:/home/jahirmedinacs/.m2/repository/com/beust/jcommander/1.72/jcommander-1.72.jar:/home/jahirmedinacs/.m2/repository/org/apache/commons/commons-exec/1.3/commons-exec-1.3.jar:/home/jahirmedinacs/.m2/repository/net/jcip/jcip-annotations/1.0/jcip-annotations-1.0.jar:/home/jahirmedinacs/.m2/repository/org/seleniumhq/selenium/jetty-repacked/9.4.12.v20180830/jetty-repacked-9.4.12.v20180830.jar:/home/jahirmedinacs/.m2/repository/com/squareup/okhttp3/okhttp/3.11.0/okhttp-3.11.0.jar:/home/jahirmedinacs/.m2/repository/com/squareup/okio/okio/1.14.0/okio-1.14.0.jar:/home/jahirmedinacs/.m2/repository/javax/servlet/javax.servlet-api/3.1.0/javax.servlet-api-3.1.0.jar:/home/jahirmedinacs/.m2/repository/org/yaml/snakeyaml/1.19/snakeyaml-1.19.jar:/home/jahirmedinacs/.m2/repository/org/seleniumhq/selenium/selenium-java/3.141.59/selenium-java-3.141.59.jar:/home/jahirmedinacs/.m2/repository/org/seleniumhq/selenium/selenium-api/3.141.59/selenium-api-3.141.59.jar:/home/jahirmedinacs/.m2/repository/org/seleniumhq/selenium/selenium-chrome-driver/3.141.59/selenium-chrome-driver-3.141.59.jar:/home/jahirmedinacs/.m2/repository/org/seleniumhq/selenium/selenium-edge-driver/3.141.59/selenium-edge-driver-3.141.59.jar:/home/jahirmedinacs/.m2/repository/org/seleniumhq/selenium/selenium-remote-driver/3.141.59/selenium-remote-driver-3.141.59.jar:/home/jahirmedinacs/.m2/repository/org/seleniumhq/selenium/selenium-safari-driver/3.141.59/selenium-safari-driver-3.141.59.jar:/home/jahirmedinacs/.m2/repository/org/seleniumhq/selenium/selenium-opera-driver/3.141.59/selenium-opera-driver-3.141.59.jar:/home/jahirmedinacs/.m2/repository/org/seleniumhq/selenium/selenium-support/3.141.59/selenium-support-3.141.59.jar:/home/jahirmedinacs/.m2/repository/com/paulhammant/ngwebdriver/1.1.5/ngwebdriver-1.1.5.jar:/home/jahirmedinacs/.m2/repository/com/assertthat/selenium-shutterbug/0.9.3/selenium-shutterbug-0.9.3.jar:/home/jahirmedinacs/.m2/repository/org/projectlombok/lombok/1.18.8/lombok-1.18.8.jar:/home/jahirmedinacs/.m2/repository/com/github/zafarkhaja/java-semver/0.9.0/java-semver-0.9.0.jar:/home/jahirmedinacs/.m2/repository/com/codeborne/phantomjsdriver/1.4.4/phantomjsdriver-1.4.4.jar:/home/jahirmedinacs/.m2/repository/org/seleniumhq/selenium/htmlunit-driver/2.37.0/htmlunit-driver-2.37.0.jar:/home/jahirmedinacs/.m2/repository/io/appium/java-client/7.3.0/java-client-7.3.0.jar:/home/jahirmedinacs/.m2/repository/commons-validator/commons-validator/1.6/commons-validator-1.6.jar:/home/jahirmedinacs/.m2/repository/commons-beanutils/commons-beanutils/1.9.2/commons-beanutils-1.9.2.jar:/home/jahirmedinacs/.m2/repository/commons-digester/commons-digester/1.8.1/commons-digester-1.8.1.jar:/home/jahirmedinacs/.m2/repository/org/aspectj/aspectjweaver/1.9.4/aspectjweaver-1.9.4.jar:/home/jahirmedinacs/.m2/repository/org/springframework/spring-context-support/5.1.2.RELEASE/spring-context-support-5.1.2.RELEASE.jar:/home/jahirmedinacs/.m2/repository/org/springframework/spring-beans/5.1.2.RELEASE/spring-beans-5.1.2.RELEASE.jar:/home/jahirmedinacs/.m2/repository/org/springframework/spring-context/5.1.2.RELEASE/spring-context-5.1.2.RELEASE.jar:/home/jahirmedinacs/.m2/repository/org/springframework/spring-aop/5.1.2.RELEASE/spring-aop-5.1.2.RELEASE.jar:/home/jahirmedinacs/.m2/repository/org/springframework/spring-expression/5.1.2.RELEASE/spring-expression-5.1.2.RELEASE.jar:/home/jahirmedinacs/.m2/repository/org/springframework/spring-core/5.1.2.RELEASE/spring-core-5.1.2.RELEASE.jar:/home/jahirmedinacs/.m2/repository/org/springframework/spring-jcl/5.1.2.RELEASE/spring-jcl-5.1.2.RELEASE.jar:/home/jahirmedinacs/.m2/repository/org/codehaus/groovy/groovy/2.5.5/groovy-2.5.5.jar:/home/jahirmedinacs/.m2/repository/net/sf/opencsv/opencsv/2.0/opencsv-2.0.jar:/home/jahirmedinacs/.m2/repository/commons-beanutils/commons-beanutils-core/1.8.3/commons-beanutils-core-1.8.3.jar:/home/jahirmedinacs/.m2/repository/joda-time/joda-time/2.7/joda-time-2.7.jar:/home/jahirmedinacs/.m2/repository/com/thoughtworks/xstream/xstream/1.4.9/xstream-1.4.9.jar:/home/jahirmedinacs/.m2/repository/xmlpull/xmlpull/1.1.3.1/xmlpull-1.1.3.1.jar:/home/jahirmedinacs/.m2/repository/xpp3/xpp3_min/1.1.4c/xpp3_min-1.1.4c.jar:/home/jahirmedinacs/.m2/repository/org/apache/commons/commons-lang3/3.8.1/commons-lang3-3.8.1.jar:/home/jahirmedinacs/.m2/repository/commons-collections/commons-collections/3.2.2/commons-collections-3.2.2.jar:/home/jahirmedinacs/.m2/repository/org/freemarker/freemarker/2.3.29/freemarker-2.3.29.jar:/home/jahirmedinacs/.m2/repository/net/sourceforge/jexcelapi/jxl/2.6.12/jxl-2.6.12.jar:/home/jahirmedinacs/.m2/repository/org/hamcrest/hamcrest-core/1.3/hamcrest-core-1.3.jar:/home/jahirmedinacs/.m2/repository/org/hamcrest/hamcrest-library/1.3/hamcrest-library-1.3.jar:/home/jahirmedinacs/.m2/repository/net/sourceforge/htmlunit/htmlunit/2.37.0/htmlunit-2.37.0.jar:/home/jahirmedinacs/.m2/repository/net/sourceforge/htmlunit/htmlunit-core-js/2.37.0/htmlunit-core-js-2.37.0.jar:/home/jahirmedinacs/.m2/repository/net/sourceforge/htmlunit/neko-htmlunit/2.37.0/neko-htmlunit-2.37.0.jar:/home/jahirmedinacs/.m2/repository/xerces/xercesImpl/2.12.0/xercesImpl-2.12.0.jar:/home/jahirmedinacs/.m2/repository/net/sourceforge/htmlunit/htmlunit-cssparser/1.5.0/htmlunit-cssparser-1.5.0.jar:/home/jahirmedinacs/.m2/repository/org/brotli/dec/0.1.2/dec-0.1.2.jar:/home/jahirmedinacs/.m2/repository/org/eclipse/jetty/websocket/websocket-client/9.4.26.v20200117/websocket-client-9.4.26.v20200117.jar:/home/jahirmedinacs/.m2/repository/org/eclipse/jetty/jetty-client/9.4.26.v20200117/jetty-client-9.4.26.v20200117.jar:/home/jahirmedinacs/.m2/repository/org/eclipse/jetty/jetty-http/9.4.26.v20200117/jetty-http-9.4.26.v20200117.jar:/home/jahirmedinacs/.m2/repository/org/eclipse/jetty/jetty-xml/9.4.26.v20200117/jetty-xml-9.4.26.v20200117.jar:/home/jahirmedinacs/.m2/repository/org/eclipse/jetty/jetty-util/9.4.26.v20200117/jetty-util-9.4.26.v20200117.jar:/home/jahirmedinacs/.m2/repository/org/eclipse/jetty/jetty-io/9.4.26.v20200117/jetty-io-9.4.26.v20200117.jar:/home/jahirmedinacs/.m2/repository/org/eclipse/jetty/websocket/websocket-common/9.4.26.v20200117/websocket-common-9.4.26.v20200117.jar:/home/jahirmedinacs/.m2/repository/org/eclipse/jetty/websocket/websocket-api/9.4.26.v20200117/websocket-api-9.4.26.v20200117.jar:/home/jahirmedinacs/.m2/repository/org/apache/httpcomponents/httpclient/4.5.5/httpclient-4.5.5.jar:/home/jahirmedinacs/.m2/repository/org/apache/httpcomponents/httpcore/4.4.9/httpcore-4.4.9.jar:/home/jahirmedinacs/.m2/repository/org/apache/httpcomponents/httpmime/4.5.5/httpmime-4.5.5.jar:/home/jahirmedinacs/.m2/repository/org/fluentlenium/fluentlenium-core/0.10.2/fluentlenium-core-0.10.2.jar:/home/jahirmedinacs/.m2/repository/com/jhlabs/filters/2.0.235/filters-2.0.235.jar:/home/jahirmedinacs/.m2/repository/org/asciidoctor/asciidoctorj/1.5.6/asciidoctorj-1.5.6.jar:/home/jahirmedinacs/.m2/repository/org/jruby/jruby-complete/1.7.26/jruby-complete-1.7.26.jar:/home/jahirmedinacs/.m2/repository/org/imgscalr/imgscalr-lib/4.2/imgscalr-lib-4.2.jar:/home/jahirmedinacs/.m2/repository/javax/el/javax.el-api/2.2.4/javax.el-api-2.2.4.jar:/home/jahirmedinacs/.m2/repository/org/glassfish/web/javax.el/2.2.4/javax.el-2.2.4.jar:/home/jahirmedinacs/.m2/repository/xalan/xalan/2.7.2/xalan-2.7.2.jar:/home/jahirmedinacs/.m2/repository/xalan/serializer/2.7.2/serializer-2.7.2.jar:/home/jahirmedinacs/.m2/repository/org/awaitility/awaitility/4.0.1/awaitility-4.0.1.jar:/home/jahirmedinacs/.m2/repository/org/hamcrest/hamcrest/2.1/hamcrest-2.1.jar:/home/jahirmedinacs/.m2/repository/com/typesafe/config/1.3.1/config-1.3.1.jar:/home/jahirmedinacs/.m2/repository/org/jsoup/jsoup/1.10.3/jsoup-1.10.3.jar:/home/jahirmedinacs/.m2/repository/com/google/jimfs/jimfs/1.1/jimfs-1.1.jar:/home/jahirmedinacs/.m2/repository/com/vladsch/flexmark/flexmark-all/0.34.30/flexmark-all-0.34.30.jar:/home/jahirmedinacs/.m2/repository/com/vladsch/flexmark/flexmark/0.34.30/flexmark-0.34.30.jar:/home/jahirmedinacs/.m2/repository/com/vladsch/flexmark/flexmark-ext-abbreviation/0.34.30/flexmark-ext-abbreviation-0.34.30.jar:/home/jahirmedinacs/.m2/repository/com/vladsch/flexmark/flexmark-ext-admonition/0.34.30/flexmark-ext-admonition-0.34.30.jar:/home/jahirmedinacs/.m2/repository/com/vladsch/flexmark/flexmark-ext-anchorlink/0.34.30/flexmark-ext-anchorlink-0.34.30.jar:/home/jahirmedinacs/.m2/repository/com/vladsch/flexmark/flexmark-ext-aside/0.34.30/flexmark-ext-aside-0.34.30.jar:/home/jahirmedinacs/.m2/repository/com/vladsch/flexmark/flexmark-ext-attributes/0.34.30/flexmark-ext-attributes-0.34.30.jar:/home/jahirmedinacs/.m2/repository/com/vladsch/flexmark/flexmark-ext-autolink/0.34.30/flexmark-ext-autolink-0.34.30.jar:/home/jahirmedinacs/.m2/repository/org/nibor/autolink/autolink/0.6.0/autolink-0.6.0.jar:/home/jahirmedinacs/.m2/repository/com/vladsch/flexmark/flexmark-ext-definition/0.34.30/flexmark-ext-definition-0.34.30.jar:/home/jahirmedinacs/.m2/repository/com/vladsch/flexmark/flexmark-ext-emoji/0.34.30/flexmark-ext-emoji-0.34.30.jar:/home/jahirmedinacs/.m2/repository/com/vladsch/flexmark/flexmark-ext-enumerated-reference/0.34.30/flexmark-ext-enumerated-reference-0.34.30.jar:/home/jahirmedinacs/.m2/repository/com/vladsch/flexmark/flexmark-ext-escaped-character/0.34.30/flexmark-ext-escaped-character-0.34.30.jar:/home/jahirmedinacs/.m2/repository/com/vladsch/flexmark/flexmark-ext-footnotes/0.34.30/flexmark-ext-footnotes-0.34.30.jar:/home/jahirmedinacs/.m2/repository/com/vladsch/flexmark/flexmark-ext-gfm-issues/0.34.30/flexmark-ext-gfm-issues-0.34.30.jar:/home/jahirmedinacs/.m2/repository/com/vladsch/flexmark/flexmark-ext-gfm-strikethrough/0.34.30/flexmark-ext-gfm-strikethrough-0.34.30.jar:/home/jahirmedinacs/.m2/repository/com/vladsch/flexmark/flexmark-ext-gfm-tables/0.34.30/flexmark-ext-gfm-tables-0.34.30.jar:/home/jahirmedinacs/.m2/repository/com/vladsch/flexmark/flexmark-ext-gfm-tasklist/0.34.30/flexmark-ext-gfm-tasklist-0.34.30.jar:/home/jahirmedinacs/.m2/repository/com/vladsch/flexmark/flexmark-ext-gfm-users/0.34.30/flexmark-ext-gfm-users-0.34.30.jar:/home/jahirmedinacs/.m2/repository/com/vladsch/flexmark/flexmark-ext-gitlab/0.34.30/flexmark-ext-gitlab-0.34.30.jar:/home/jahirmedinacs/.m2/repository/com/vladsch/flexmark/flexmark-ext-jekyll-front-matter/0.34.30/flexmark-ext-jekyll-front-matter-0.34.30.jar:/home/jahirmedinacs/.m2/repository/com/vladsch/flexmark/flexmark-ext-jekyll-tag/0.34.30/flexmark-ext-jekyll-tag-0.34.30.jar:/home/jahirmedinacs/.m2/repository/com/vladsch/flexmark/flexmark-ext-media-tags/0.34.30/flexmark-ext-media-tags-0.34.30.jar:/home/jahirmedinacs/.m2/repository/com/vladsch/flexmark/flexmark-test-util/0.34.30/flexmark-test-util-0.34.30.jar:/home/jahirmedinacs/.m2/repository/com/vladsch/flexmark/flexmark-ext-ins/0.34.30/flexmark-ext-ins-0.34.30.jar:/home/jahirmedinacs/.m2/repository/com/vladsch/flexmark/flexmark-ext-xwiki-macros/0.34.30/flexmark-ext-xwiki-macros-0.34.30.jar:/home/jahirmedinacs/.m2/repository/com/vladsch/flexmark/flexmark-ext-superscript/0.34.30/flexmark-ext-superscript-0.34.30.jar:/home/jahirmedinacs/.m2/repository/com/vladsch/flexmark/flexmark-ext-tables/0.34.30/flexmark-ext-tables-0.34.30.jar:/home/jahirmedinacs/.m2/repository/com/vladsch/flexmark/flexmark-ext-toc/0.34.30/flexmark-ext-toc-0.34.30.jar:/home/jahirmedinacs/.m2/repository/com/vladsch/flexmark/flexmark-ext-typographic/0.34.30/flexmark-ext-typographic-0.34.30.jar:/home/jahirmedinacs/.m2/repository/com/vladsch/flexmark/flexmark-ext-wikilink/0.34.30/flexmark-ext-wikilink-0.34.30.jar:/home/jahirmedinacs/.m2/repository/com/vladsch/flexmark/flexmark-ext-yaml-front-matter/0.34.30/flexmark-ext-yaml-front-matter-0.34.30.jar:/home/jahirmedinacs/.m2/repository/com/vladsch/flexmark/flexmark-ext-youtube-embedded/0.34.30/flexmark-ext-youtube-embedded-0.34.30.jar:/home/jahirmedinacs/.m2/repository/com/vladsch/flexmark/flexmark-formatter/0.34.30/flexmark-formatter-0.34.30.jar:/home/jahirmedinacs/.m2/repository/com/vladsch/flexmark/flexmark-html-parser/0.34.30/flexmark-html-parser-0.34.30.jar:/home/jahirmedinacs/.m2/repository/com/vladsch/flexmark/flexmark-jira-converter/0.34.30/flexmark-jira-converter-0.34.30.jar:/home/jahirmedinacs/.m2/repository/com/vladsch/flexmark/flexmark-pdf-converter/0.34.30/flexmark-pdf-converter-0.34.30.jar:/home/jahirmedinacs/.m2/repository/com/openhtmltopdf/openhtmltopdf-core/0.0.1-RC13/openhtmltopdf-core-0.0.1-RC13.jar:/home/jahirmedinacs/.m2/repository/com/openhtmltopdf/openhtmltopdf-pdfbox/0.0.1-RC13/openhtmltopdf-pdfbox-0.0.1-RC13.jar:/home/jahirmedinacs/.m2/repository/org/apache/pdfbox/pdfbox/2.0.8/pdfbox-2.0.8.jar:/home/jahirmedinacs/.m2/repository/org/apache/pdfbox/fontbox/2.0.8/fontbox-2.0.8.jar:/home/jahirmedinacs/.m2/repository/org/apache/pdfbox/xmpbox/2.0.8/xmpbox-2.0.8.jar:/home/jahirmedinacs/.m2/repository/de/rototor/pdfbox/graphics2d/0.12/graphics2d-0.12.jar:/home/jahirmedinacs/.m2/repository/com/openhtmltopdf/openhtmltopdf-rtl-support/0.0.1-RC13/openhtmltopdf-rtl-support-0.0.1-RC13.jar:/home/jahirmedinacs/.m2/repository/com/ibm/icu/icu4j/59.1/icu4j-59.1.jar:/home/jahirmedinacs/.m2/repository/com/openhtmltopdf/openhtmltopdf-jsoup-dom-converter/0.0.1-RC13/openhtmltopdf-jsoup-dom-converter-0.0.1-RC13.jar:/home/jahirmedinacs/.m2/repository/com/vladsch/flexmark/flexmark-profile-pegdown/0.34.30/flexmark-profile-pegdown-0.34.30.jar:/home/jahirmedinacs/.m2/repository/com/vladsch/flexmark/flexmark-util/0.34.30/flexmark-util-0.34.30.jar:/home/jahirmedinacs/.m2/repository/com/vladsch/flexmark/flexmark-youtrack-converter/0.34.30/flexmark-youtrack-converter-0.34.30.jar:/home/jahirmedinacs/.m2/repository/io/github/bonigarcia/webdrivermanager/4.1.0/webdrivermanager-4.1.0.jar:/home/jahirmedinacs/.m2/repository/org/apache/httpcomponents/client5/httpclient5/5.0.1/httpclient5-5.0.1.jar:/home/jahirmedinacs/.m2/repository/org/apache/httpcomponents/core5/httpcore5/5.0.1/httpcore5-5.0.1.jar:/home/jahirmedinacs/.m2/repository/org/apache/httpcomponents/core5/httpcore5-h2/5.0.1/httpcore5-h2-5.0.1.jar:/home/jahirmedinacs/.m2/repository/org/rauschig/jarchivelib/1.0.0/jarchivelib-1.0.0.jar:/home/jahirmedinacs/.m2/repository/org/apache/commons/commons-compress/1.18/commons-compress-1.18.jar:/home/jahirmedinacs/.m2/repository/net/serenity-bdd/serenity-screenplay/2.3.2/serenity-screenplay-2.3.2.jar:/home/jahirmedinacs/.m2/repository/net/serenity-bdd/serenity-screenplay-webdriver/2.3.2/serenity-screenplay-webdriver-2.3.2.jar:/home/jahirmedinacs/.m2/repository/net/serenity-bdd/serenity-ensure/2.3.2/serenity-ensure-2.3.2.jar:/home/jahirmedinacs/.m2/repository/net/serenity-bdd/serenity-junit/2.3.2/serenity-junit-2.3.2.jar:/home/jahirmedinacs/.m2/repository/org/jetbrains/kotlin/kotlin-stdlib/1.3.31/kotlin-stdlib-1.3.31.jar:/home/jahirmedinacs/.m2/repository/org/jetbrains/kotlin/kotlin-stdlib-common/1.3.31/kotlin-stdlib-common-1.3.31.jar:/home/jahirmedinacs/.m2/repository/org/jetbrains/annotations/13.0/annotations-13.0.jar:/home/jahirmedinacs/.m2/repository/net/serenity-bdd/serenity-assertions/2.3.2/serenity-assertions-2.3.2.jar:/home/jahirmedinacs/.m2/repository/net/serenity-bdd/serenity-screenplay-rest/2.3.2/serenity-screenplay-rest-2.3.2.jar:/home/jahirmedinacs/.m2/repository/net/serenity-bdd/serenity-rest-assured/2.3.2/serenity-rest-assured-2.3.2.jar:/home/jahirmedinacs/.m2/repository/io/rest-assured/rest-assured/3.3.0/rest-assured-3.3.0.jar:/home/jahirmedinacs/.m2/repository/org/ccil/cowan/tagsoup/tagsoup/1.2.1/tagsoup-1.2.1.jar:/home/jahirmedinacs/.m2/repository/io/rest-assured/json-path/3.3.0/json-path-3.3.0.jar:/home/jahirmedinacs/.m2/repository/io/rest-assured/rest-assured-common/3.3.0/rest-assured-common-3.3.0.jar:/home/jahirmedinacs/.m2/repository/io/rest-assured/xml-path/3.3.0/xml-path-3.3.0.jar:/home/jahirmedinacs/.m2/repository/com/sun/xml/bind/jaxb-osgi/2.2.10/jaxb-osgi-2.2.10.jar:/home/jahirmedinacs/.m2/repository/org/apache/sling/org.apache.sling.javax.activation/0.1.0/org.apache.sling.javax.activation-0.1.0.jar:/home/jahirmedinacs/.m2/repository/org/codehaus/groovy/groovy-xml/2.5.5/groovy-xml-2.5.5.jar:/home/jahirmedinacs/.m2/repository/org/codehaus/groovy/groovy-json/2.5.5/groovy-json-2.5.5.jar:/home/jahirmedinacs/.m2/repository/net/serenity-bdd/serenity-cucumber6/2.3.2/serenity-cucumber6-2.3.2.jar:/home/jahirmedinacs/.m2/repository/io/cucumber/cucumber-junit/6.6.0/cucumber-junit-6.6.0.jar:/home/jahirmedinacs/.m2/repository/io/cucumber/datatable-matchers/3.4.0/datatable-matchers-3.4.0.jar:/home/jahirmedinacs/.m2/repository/org/apache/commons/commons-csv/1.5/commons-csv-1.5.jar:/home/jahirmedinacs/.m2/repository/junit/junit/4.12/junit-4.12.jar:/home/jahirmedinacs/.m2/repository/org/slf4j/slf4j-simple/1.7.7/slf4j-simple-1.7.7.jar:/home/jahirmedinacs/.m2/repository/org/junit/platform/junit-platform-launcher/1.5.2/junit-platform-launcher-1.5.2.jar:/home/jahirmedinacs/.m2/repository/org/apiguardian/apiguardian-api/1.1.0/apiguardian-api-1.1.0.jar:/home/jahirmedinacs/.m2/repository/org/junit/platform/junit-platform-engine/1.5.2/junit-platform-engine-1.5.2.jar:/home/jahirmedinacs/.m2/repository/org/opentest4j/opentest4j/1.2.0/opentest4j-1.2.0.jar:/home/jahirmedinacs/.m2/repository/org/junit/platform/junit-platform-commons/1.5.2/junit-platform-commons-1.5.2.jar:/home/jahirmedinacs/.m2/repository/org/junit/jupiter/junit-jupiter-engine/5.5.2/junit-jupiter-engine-5.5.2.jar:/home/jahirmedinacs/.m2/repository/org/junit/jupiter/junit-jupiter-api/5.5.2/junit-jupiter-api-5.5.2.jar:/home/jahirmedinacs/.m2/repository/org/junit/vintage/junit-vintage-engine/5.5.2/junit-vintage-engine-5.5.2.jar:/home/jahirmedinacs/.m2/repository/org/assertj/assertj-core/3.13.2/assertj-core-3.13.2.jar:"/>
    <property name="sun.cpu.endian" value="little"/>
    <property name="user.home" value="/home/jahirmedinacs"/>
    <property name="user.language" value="en"/>
    <property name="java.specification.vendor" value="Oracle Corporation"/>
    <property name="java.home" value="/usr/lib/jvm/java-8-openjdk/jre"/>
    <property name="basedir" value="/home/jahirmedinacs/workspace/Portales-PW-WEBVI"/>
    <property name="file.separator" value="/"/>
    <property name="line.separator" value="&#10;"/>
    <property name="java.vm.specification.vendor" value="Oracle Corporation"/>
    <property name="java.specification.name" value="Java Platform API Specification"/>
    <property name="java.awt.graphicsenv" value="sun.awt.X11GraphicsEnvironment"/>
    <property name="surefire.real.class.path" value="/home/jahirmedinacs/workspace/Portales-PW-WEBVI/target/surefire/surefirebooter1033924686586055315.jar"/>
    <property name="sun.boot.class.path" value="/usr/lib/jvm/java-8-openjdk/jre/lib/resources.jar:/usr/lib/jvm/java-8-openjdk/jre/lib/rt.jar:/usr/lib/jvm/java-8-openjdk/jre/lib/sunrsasign.jar:/usr/lib/jvm/java-8-openjdk/jre/lib/jsse.jar:/usr/lib/jvm/java-8-openjdk/jre/lib/jce.jar:/usr/lib/jvm/java-8-openjdk/jre/lib/charsets.jar:/usr/lib/jvm/java-8-openjdk/jre/lib/jfr.jar:/usr/lib/jvm/java-8-openjdk/jre/classes"/>
    <property name="java.protocol.handler.pkgs" value="com.google.common"/>
    <property name="sun.management.compiler" value="HotSpot 64-Bit Tiered Compilers"/>
    <property name="java.runtime.version" value="1.8.0_292-b10"/>
    <property name="user.name" value="jahirmedinacs"/>
    <property name="path.separator" value=":"/>
    <property name="os.version" value="5.14.18-1-MANJARO"/>
    <property name="java.endorsed.dirs" value="/usr/lib/jvm/java-8-openjdk/jre/lib/endorsed"/>
    <property name="java.runtime.name" value="OpenJDK Runtime Environment"/>
    <property name="file.encoding" value="UTF-8"/>
    <property name="java.vm.name" value="OpenJDK 64-Bit Server VM"/>
    <property name="localRepository" value="/home/jahirmedinacs/.m2/repository"/>
    <property name="java.vendor.url.bug" value="http://bugreport.sun.com/bugreport/"/>
    <property name="java.io.tmpdir" value="/tmp"/>
    <property name="java.version" value="1.8.0_292"/>
    <property name="user.dir" value="/home/jahirmedinacs/workspace/Portales-PW-WEBVI"/>
    <property name="os.arch" value="amd64"/>
    <property name="webdriver.gecko.driver" value="/opt/SWGIT/selenium/geckodriver"/>
    <property name="java.vm.specification.name" value="Java Virtual Machine Specification"/>
    <property name="java.awt.printerjob" value="sun.print.PSPrinterJob"/>
    <property name="sun.os.patch.level" value="unknown"/>
    <property name="java.library.path" value="/usr/java/packages/lib/amd64:/usr/lib64:/lib64:/lib:/usr/lib"/>
    <property name="java.vm.info" value="mixed mode"/>
    <property name="java.vendor" value="Oracle Corporation"/>
    <property name="java.vm.version" value="25.292-b10"/>
    <property name="java.ext.dirs" value="/usr/lib/jvm/java-8-openjdk/jre/lib/ext:/usr/java/packages/lib/ext"/>
    <property name="sun.io.unicode.encoding" value="UnicodeLittle"/>
    <property name="java.class.version" value="52.0"/>
  </properties>
  <testcase name="CAPF003 - Cargando el Navegador" classname="Iniciar Sesion en Pagina del Visitante" time="0.39">
    <system-err><![CDATA[[main] INFO io.cucumber.core.plugin.SerenityReporter - Running feature from file:///home/jahirmedinacs/workspace/Portales-PW-WEBVI/src/test/resources/features/CAP_F_003.feature
[main] INFO  - &amp#27;[96m

-------------------------------------------------------------------------------------
     _______. _______ .______       _______ .__   __.  __  .___________.____    ____ 
    /       ||   ____||   _  \     |   ____||  \ |  | |  | |           |\   \  /   / 
   |   (----`|  |__   |  |_)  |    |  |__   |   \|  | |  | `---|  |----` \   \/   /  
    \   \    |   __|  |      /     |   __|  |  . `  | |  |     |  |       \_    _/   
.----)   |   |  |____ |  |\  \----.|  |____ |  |\   | |  |     |  |         |  |     
|_______/    |_______|| _| `._____||_______||__| \__| |__|     |__|         |__|    
                                                                                     
 News and tutorials at http://www.serenity-bdd.info                                  
 Documentation at https://wakaleo.gitbooks.io/the-serenity-book/content/             
 Join the Serenity Community on Gitter: https://gitter.im/serenity-bdd/serenity-core 
 Serenity BDD Support and Training at http://serenity-bdd.info/#/trainingandsupport  
-------------------------------------------------------------------------------------
&amp#27;[0m
[main] INFO  - Test Suite Started: CAP_F_003 - Iniciar Sesion en Pagina del Visitante
[main] INFO io.cucumber.core.plugin.SerenityReporter - Running feature from file:///home/jahirmedinacs/workspace/Portales-PW-WEBVI/src/test/resources/features/CAP_F_005.feature
[main] INFO  - Test Suite Started: CAP_F_005 - Acceso a la ficha de un Espacio Natural
[main] INFO io.cucumber.core.plugin.SerenityReporter - Running feature from file:///home/jahirmedinacs/workspace/Portales-PW-WEBVI/src/test/resources/features/CAP_F_007.feature
[main] INFO  - Test Suite Started: CAP_F_007 - Compartir la ficha de un Espacio Natural
[main] INFO io.cucumber.core.plugin.SerenityReporter - Running feature from file:///home/jahirmedinacs/workspace/Portales-PW-WEBVI/src/test/resources/features/CAP_F_012.feature
[main] INFO  - Test Suite Started: CAP_F_012 - Buscar Contenido en la Web de Portales (Buscador Generico)
[main] INFO io.cucumber.core.plugin.SerenityReporter - Running feature from file:///home/jahirmedinacs/workspace/Portales-PW-WEBVI/src/test/resources/features/CAP_F_013.feature
[main] INFO  - Test Suite Started: CAP_F_013 - Buscar Contenido en la Web de Portales (Buscador de Tramites)
[main] INFO io.cucumber.core.plugin.SerenityReporter - Running feature from file:///home/jahirmedinacs/workspace/Portales-PW-WEBVI/src/test/resources/features/CAP_F_014.feature
[main] INFO  - Test Suite Started: CAP_F_014 - Buscar Contenido en la Web de Portales
[main] INFO io.cucumber.core.plugin.SerenityReporter - Running feature from file:///home/jahirmedinacs/workspace/Portales-PW-WEBVI/src/test/resources/features/CAP_F_015.feature
[main] INFO  - Test Suite Started: CAP_F_015 - Buscar Contenido en la Web de Portales
[main] INFO io.cucumber.core.plugin.SerenityReporter - Running feature from file:///home/jahirmedinacs/workspace/Portales-PW-WEBVI/src/test/resources/features/CAP_F_016A.feature
[main] INFO  - Test Suite Started: CAP_F_016A - Buscar Contenido en la Web de Portales (Buscador Audios)
[main] INFO io.cucumber.core.plugin.SerenityReporter - Running feature from file:///home/jahirmedinacs/workspace/Portales-PW-WEBVI/src/test/resources/features/CAP_F_016B.feature
[main] INFO  - Test Suite Started: CAP_F_016B - Buscar Contenido en la Web de Portales (Buscador Imagenes)
[main] INFO io.cucumber.core.plugin.SerenityReporter - Running feature from file:///home/jahirmedinacs/workspace/Portales-PW-WEBVI/src/test/resources/features/CAP_F_016C.feature
[main] INFO  - Test Suite Started: CAP_F_016C - Buscar Contenido en la Web de Portales (Buscador Audios)
[main] INFO io.cucumber.core.plugin.SerenityReporter - Running feature from file:///home/jahirmedinacs/workspace/Portales-PW-WEBVI/src/test/resources/features/CAP_F_018.feature
[main] INFO  - Test Suite Started: CAP_F_018 - Validar estado de la Web
[main] INFO io.cucumber.core.plugin.SerenityReporter - Running feature from file:///home/jahirmedinacs/workspace/Portales-PW-WEBVI/src/test/resources/features/CAP_F_021.feature
[main] INFO  - Test Suite Started: CAP_F_021 - Validar estado de la Web
[main] INFO io.cucumber.core.plugin.SerenityReporter - Running feature from file:///home/jahirmedinacs/workspace/Portales-PW-WEBVI/src/test/resources/features/CAP_F_026.feature
[main] INFO  - Test Suite Started: CAP_F_026 - Validar estado de la Web
[main] INFO io.cucumber.core.plugin.SerenityReporter - Running feature from file:///home/jahirmedinacs/workspace/Portales-PW-WEBVI/src/test/resources/features/CAP_F_034.feature
[main] INFO  - Test Suite Started: CAP_F_034 - Validar estado de la Web
[main] INFO io.cucumber.core.plugin.SerenityReporter - Running feature from file:///home/jahirmedinacs/workspace/Portales-PW-WEBVI/src/test/resources/features/CAP_F_041.feature
[main] INFO  - Test Suite Started: CAP_F_041 - Validar estado de la Web
[main] INFO io.cucumber.core.plugin.SerenityReporter - Running feature from file:///home/jahirmedinacs/workspace/Portales-PW-WEBVI/src/test/resources/features/CAP_F_045.feature
[main] INFO  - Test Suite Started: CAP_F_045 - Validar estado de la Web
[main] INFO io.cucumber.core.plugin.SerenityReporter - Running feature from file:///home/jahirmedinacs/workspace/Portales-PW-WEBVI/src/test/resources/features/CAP_F_049.feature
[main] INFO  - Test Suite Started: CAP_F_049 - Validar estado de la Web
[main] INFO io.cucumber.core.plugin.SerenityReporter - Running feature from file:///home/jahirmedinacs/workspace/Portales-PW-WEBVI/src/test/resources/features/CAP_F_052.feature
[main] INFO  - Test Suite Started: CAP_F_052 - Validar estado de la Web
[main] INFO io.cucumber.core.plugin.SerenityReporter - Running feature from file:///home/jahirmedinacs/workspace/Portales-PW-WEBVI/src/test/resources/features/CAP_F_056.feature
[main] INFO  - Test Suite Started: CAP_F_056 - Validar estado de la Web
[main] INFO io.cucumber.core.plugin.SerenityReporter - Running feature from file:///home/jahirmedinacs/workspace/Portales-PW-WEBVI/src/test/resources/features/CAP_F_057.feature
[main] INFO  - Test Suite Started: CAP_F_057 - Validar estado de la Web
[main] INFO io.cucumber.core.plugin.SerenityReporter - Running feature from file:///home/jahirmedinacs/workspace/Portales-PW-WEBVI/src/test/resources/features/CAP_F_060.feature
[main] INFO  - Test Suite Started: CAP_F_060 - Validar estado de la Web
[main] INFO io.cucumber.core.plugin.SerenityReporter - Running feature from file:///home/jahirmedinacs/workspace/Portales-PW-WEBVI/src/test/resources/features/CAP_F_061.feature
[main] INFO  - Test Suite Started: CAP_F_061 - Validar estado de la Web
[main] INFO io.cucumber.core.plugin.SerenityReporter - Running feature from file:///home/jahirmedinacs/workspace/Portales-PW-WEBVI/src/test/resources/features/CAP_F_066.feature
[main] INFO  - Test Suite Started: CAP_F_066 - Validar estado de la Web
[main] INFO io.cucumber.core.plugin.SerenityReporter - Running feature from file:///home/jahirmedinacs/workspace/Portales-PW-WEBVI/src/test/resources/features/CAP_F_068.feature
[main] INFO  - Test Suite Started: CAP_F_068 - Validar estado de la Web
[main] INFO io.cucumber.core.plugin.SerenityReporter - Running feature from file:///home/jahirmedinacs/workspace/Portales-PW-WEBVI/src/test/resources/features/CAP_F_073.feature
[main] INFO  - Test Suite Started: CAP_F_073 - Validar estado de la Web
[main] INFO io.cucumber.core.plugin.SerenityReporter - Running feature from file:///home/jahirmedinacs/workspace/Portales-PW-WEBVI/src/test/resources/features/CAP_F_075.feature
[main] INFO  - Test Suite Started: CAP_F_075 - Validar estado de la Web
[main] INFO io.cucumber.core.plugin.SerenityReporter - Running feature from file:///home/jahirmedinacs/workspace/Portales-PW-WEBVI/src/test/resources/features/CAP_F_080.feature
[main] INFO  - Test Suite Started: CAP_F_080 - Validar estado de la Web
[main] INFO io.cucumber.core.plugin.SerenityReporter - Running feature from file:///home/jahirmedinacs/workspace/Portales-PW-WEBVI/src/test/resources/features/CAP_F_084.feature
[main] INFO  - Test Suite Started: CAP_F_084 - Validar estado de la Web
[main] INFO io.cucumber.core.plugin.SerenityReporter - Running feature from file:///home/jahirmedinacs/workspace/Portales-PW-WEBVI/src/test/resources/features/CAP_F_087.feature
[main] INFO  - Test Suite Started: CAP_F_087 - Validar estado de la Web
[main] INFO io.cucumber.core.plugin.SerenityReporter - Running feature from file:///home/jahirmedinacs/workspace/Portales-PW-WEBVI/src/test/resources/features/CAP_F_090.feature
[main] INFO  - Test Suite Started: CAP_F_090 - Validar estado de la Web
[main] INFO io.cucumber.core.plugin.SerenityReporter - Running feature from file:///home/jahirmedinacs/workspace/Portales-PW-WEBVI/src/test/resources/features/CAP_F_101.feature
[main] INFO  - Test Suite Started: CAP_F_101 - Validar estado de la Web
[main] INFO io.cucumber.core.plugin.SerenityReporter - Running feature from file:///home/jahirmedinacs/workspace/Portales-PW-WEBVI/src/test/resources/features/CAP_F_104.feature
[main] INFO  - Test Suite Started: CAP_F_104 - Validar estado de la Web
[main] INFO io.cucumber.core.plugin.SerenityReporter - Running feature from file:///home/jahirmedinacs/workspace/Portales-PW-WEBVI/src/test/resources/features/CAP_F_107.feature
[main] INFO  - Test Suite Started: CAP_F_107 - Validar estado de la Web
[main] INFO io.cucumber.core.plugin.SerenityReporter - Running feature from file:///home/jahirmedinacs/workspace/Portales-PW-WEBVI/src/test/resources/features/CAP_F_003.feature
[main] INFO  - 
 _____ _____ ____ _____   ____ _____  _    ____ _____ _____ ____  
|_   _| ____/ ___|_   _| / ___|_   _|/ \  |  _ \_   _| ____|  _ \ 
  | | |  _| \___ \ | |   \___ \ | | / _ \ | |_) || | |  _| | | | |
  | | | |___ ___) || |    ___) || |/ ___ \|  _ < | | | |___| |_| |
  |_| |_____|____/ |_|   |____/ |_/_/   \_\_| \_\|_| |_____|____/ 

Iniciar Sesion en Pagina del Visitante(cap-f-003---iniciar-sesion-en-pagina-del-visitante;iniciar-sesion-en-pagina-del-visitante)
-------------------------------------------------------------------
]]></system-err>
  </testcase>
  <testcase name="CAPF003 - Se haya cargado la pagina" classname="Iniciar Sesion en Pagina del Visitante" time="26.092">
    <system-err><![CDATA[[main] INFO net.serenitybdd.core.webdriver.driverproviders.ChromeDriverProvider - Not using automatically driver download
[main] INFO net.serenitybdd.core.webdriver.driverproviders.ProvideNewDriver - Instantiating driver
[main] INFO net.serenitybdd.core.webdriver.driverproviders.ProvideNewDriver - Driver capabilities: Capabilities {acceptInsecureCerts: false, browserName: chrome, goog:chromeOptions: {args: [], extensions: []}, loggingPrefs: org.openqa.selenium.logging...}
Starting ChromeDriver 96.0.4664.45 (76e4c1bb2ab4671b8beba3444e61c0f17584b2fc-refs/branch-heads/4664@{#947}) on port 11407
Only local connections are allowed.
Please see https://chromedriver.chromium.org/security-considerations for suggestions on keeping ChromeDriver safe.
ChromeDriver was started successfully.
Dec 19, 2021 10:52:24 PM org.openqa.selenium.remote.ProtocolHandshake createSession
INFO: Detected dialect: W3C
]]></system-err>
  </testcase>
  <testcase name="CAPF003 - Aceptar las cookies" classname="Iniciar Sesion en Pagina del Visitante" time="0.385"/>
  <testcase name="CAPF003 - Ingresar el Nombre de Usuario &quot;cmaot_testing&quot;" classname="Iniciar Sesion en Pagina del Visitante" time="0.434"/>
  <testcase name="CAPF003 - Ingresar la Clave de Usuario &quot;Liferay*21&quot;" classname="Iniciar Sesion en Pagina del Visitante" time="0.504"/>
  <testcase name="CAPF003 - Acceder" classname="Iniciar Sesion en Pagina del Visitante" time="0.56"/>
  <testcase name="CAPF005 - Cargando el Navegador" classname="Acceso a la ficha de un Espacio Natural" time="0.033">
    <system-err><![CDATA[[main] INFO  - &amp#27;[92m
        __    _____ _____ ____ _____   ____   _    ____  ____  _____ ____  
  _     \ \  |_   _| ____/ ___|_   _| |  _ \ / \  / ___|/ ___|| ____|  _ \ 
 (_)_____| |   | | |  _| \___ \ | |   | |_) / _ \ \___ \\___ \|  _| | | | |
  _|_____| |   | | | |___ ___) || |   |  __/ ___ \ ___) |___) | |___| |_| |
 (_)     | |   |_| |_____|____/ |_|   |_| /_/   \_\____/|____/|_____|____/ 
        /_/                                                                

Iniciar Sesion en Pagina del Visitante
----------------------------------------------------------------------------&amp#27;[0m
[main] INFO io.cucumber.core.plugin.SerenityReporter - Running feature from file:///home/jahirmedinacs/workspace/Portales-PW-WEBVI/src/test/resources/features/CAP_F_005.feature
[main] INFO  - 
 _____ _____ ____ _____   ____ _____  _    ____ _____ _____ ____  
|_   _| ____/ ___|_   _| / ___|_   _|/ \  |  _ \_   _| ____|  _ \ 
  | | |  _| \___ \ | |   \___ \ | | / _ \ | |_) || | |  _| | | | |
  | | | |___ ___) || |    ___) || |/ ___ \|  _ < | | | |___| |_| |
  |_| |_____|____/ |_|   |____/ |_/_/   \_\_| \_\|_| |_____|____/ 

Acceso a la ficha de un Espacio Natural(cap-f-005---acceso-a-la-ficha-de-un-espacio-natural;acceso-a-la-ficha-de-un-espacio-natural)
-------------------------------------------------------------------
]]></system-err>
  </testcase>
  <testcase name="CAPF005 - Se haya cargado la pagina" classname="Acceso a la ficha de un Espacio Natural" time="40.303">
    <system-err><![CDATA[[main] INFO net.serenitybdd.core.webdriver.driverproviders.ChromeDriverProvider - Not using automatically driver download
[main] INFO net.serenitybdd.core.webdriver.driverproviders.ProvideNewDriver - Instantiating driver
[main] INFO net.serenitybdd.core.webdriver.driverproviders.ProvideNewDriver - Driver capabilities: Capabilities {acceptInsecureCerts: false, browserName: chrome, goog:chromeOptions: {args: [], extensions: []}, loggingPrefs: org.openqa.selenium.logging...}
Starting ChromeDriver 96.0.4664.45 (76e4c1bb2ab4671b8beba3444e61c0f17584b2fc-refs/branch-heads/4664@{#947}) on port 16614
Only local connections are allowed.
Please see https://chromedriver.chromium.org/security-considerations for suggestions on keeping ChromeDriver safe.
ChromeDriver was started successfully.
Dec 19, 2021 10:52:51 PM org.openqa.selenium.remote.ProtocolHandshake createSession
INFO: Detected dialect: W3C
]]></system-err>
  </testcase>
  <testcase name="CAPF005 - Aceptar las cookies" classname="Acceso a la ficha de un Espacio Natural" time="0.031"/>
  <testcase name="CAPF005 - Ingresar el Nombre de Usuario &quot;cmaot_testing&quot;" classname="Acceso a la ficha de un Espacio Natural" time="0.727"/>
  <testcase name="CAPF005 - Ingresar la Clave de Usuario &quot;Liferay*21&quot;" classname="Acceso a la ficha de un Espacio Natural" time="0.49"/>
  <testcase name="CAPF005 - Acceder" classname="Acceso a la ficha de un Espacio Natural" time="0.443"/>
  <testcase name="CAPF005 - Cambiar a &quot;https://www.juntadeandalucia.es/medioambiente/portal/web/ventanadelvisitante/detalle-buscador-mapa/-/asset_publisher/Jlbxh2qB3NwR/content/do-c3-b1ana-18/255035&quot; Especifica" classname="Acceso a la ficha de un Espacio Natural" time="66.205"/>
</testsuite>